GREP Dup check on Sun Feb 15 12:01:39 PM EET 2026
All other MD files count: 298
DUP: ./Archive/Raw/Zettel_Clinical_Report_ABC123_20260215_077.md
DUP: ./Archive/Raw/Zettel_Chlorophyll_20260215_076.md
DUP: ./Archive/Raw/Zettel_microminerals_20260215_098.md
DUP: ./Archive/Raw/Zettel_Metabolite_Aconitate_20260215_090.md
DUP: ./Archive/Raw/Zettel_metals_20260215_093.md
DUP: ./Archive/Raw/Zettel_Linus_Pauling_Institute_Info_20260215_085.md
DUP: ./Archive/Raw/Zettel_Mc_Tsoukalas_Book_20260215_088.md
DUP: ./Archive/Raw/Dictionary_Metabolomics_20260215_030.md
DUP: ./Archive/Raw/Pp_Protective_role_of_alpha_ketoglutarate_against_massive_doses_of_cyanide_in_rats_20260215_005.md
DUP: ./Archive/Raw/Zettel_Omic_Studies_20260215_104.md
DUP: ./Archive/Raw/Dictionary_Obesity_20260215_032.md
DUP: ./Archive/Raw/Zettel_MetS_Prevalence_US_20260215_095.md
DUP: ./Archive/Raw/Zettel_Magnesium_Critical_Cofactor_20260215_086.md
DUP: ./Archive/Raw/Zettel_Microminerals_20260215_099.md
DUP: ./Archive/Raw/Zettel_Metabolomic_Medicine_20260215_091.md
DUP: ./Archive/Raw/Pp_AKG_And_Cyanide_20260215_033.md
DUP: ./Archive/Raw/Zettel_PCOS_Diagnostic_Criteria_20260215_105.md
DUP: ./Archive/Raw/Zettel_Metabolic_Syndrome_MetS_20260215_089.md
DUP: ./Archive/Raw/Zettel_Genova_Books_20260215_080.md
DUP: ./Archive/Raw/Dictionary_Gout_20260215_027.md
DUP: ./Archive/Raw/Pp_Oxidative_Stress_and_Antioxidants_20260215_004.md
DUP: ./Archive/Raw/Zettel_Syndrome_X_Diagnostic_Criteria_20260215_006.md
DUP: ./Archive/Raw/Zettel_Diagnostic_Tools_20260215_079.md
DUP: ./Archive/Raw/Zettel_MetS_Waist_Circumference_Debate_20260215_097.md
DUP: ./Archive/Raw/Zettel_Metabolomics_20260215_092.md
DUP: ./Clinic/Fleeting_Notes_20260215_004.md
DUP: ./Clinic/Protocol_MC_Patient_Flow_20260215_024.md
DUP: ./Clinic/Personalised_Vs_Population_Prognosis_20260215_018.md
DUP: ./Clinic/Metabolite_Aconitate_20260215_007.md
DUP: ./Clinic/Syndrome_X_Diagnostic_Criteria_20260215_025.md
DUP: ./Clinic/Zettel_Ther_Isidora_Vasileiou_20260215_027.md
DUP: ./Clinic/Protocol_MC_Diet_Proposal_Update_20260215_023.md
DUP: ./Clinic/Omic_Studies_20260215_016.md
DUP: ./Clinic/Magnesium_Deficiency_Chronic_MetS_20260215_006.md
DUP: ./Clinic/Zettel_Reaven_1998_20260215_025.md
DUP: ./Clinic/YT_Fun_note_taking_20260215_024.md
DUP: ./Clinic/Vitamin_D_Sun_Oxidation_20260215_023.md
DUP: ./Clinic/Zettel_Vitamin_D_Sun_Oxidation_20260215_028.md
UNIQUE: ./Clinic/RON/DICTIONARY_MAP_20260215_007.md
DUP: ./Clinic/RON/Pp_Biochemical_pathways_to_ketoglutarate_a_multi_faceted_metabolite_20260215_012.md
DUP: ./Clinic/RON/Pp_AKG_And_Cyanide_20260215_011.md
DUP: ./Clinic/RON/Zettel_Syndrome_X_Diagnostic_Criteria_20260215_019.md
DUP: ./Clinic/RON/Pp_Oxidative_Stress_and_Antioxidants_20260215_015.md
DUP: ./Clinic/RON/Dictionary_Vitamins_20260215_008.md
DUP: ./Clinic/RON/Zettel_Reaven_1998_20260215_018.md
DUP: ./Clinic/RON/LEDGER_20260215_010.md
DUP: ./Clinic/RON/Pp_Multifunctional_essentiality_of_succinate_metabolism_in_adaptation_to_hypoxia_in_Mycobacterium_tuberculosis_20260215_014.md
DUP: ./Clinic/RON/Protocol_Magnesium_Deficiency_20260215_017.md
DUP: ./Clinic/RON/Dictionary_Xenobiotic_20260215_009.md
DUP: ./Clinic/RON/Pp_Mitochondrial_ROS_signaling_in_organismal_homeostasis_20260215_013.md
DUP: ./Clinic/RON/Zettel_Ther_Isidora_Vasileiou_20260215_020.md
DUP: ./Clinic/RON/Pp_Protective_role_of_alpha_ketoglutarate_against_massive_doses_of_cyanide_in_rats_20260215_016.md
DUP: ./Clinic/MetS_Waist_Circumference_Debate_20260215_013.md
DUP: ./Clinic/Metabolite_AlphaKetoglutarate_AKG_20260215_008.md
DUP: ./Clinic/MetS_In_Old_Ethnic_Poor_20260215_011.md
DUP: ./Clinic/Protocol_Clinical_IR_Preanalytics_20260215_021.md
DUP: ./Clinic/Zettel_Vitamin_K2_Bone_Vascular_Function_20260215_029.md
DUP: ./Clinic/The_Scholars_of_Systems_Thinking_20260215_022.md
DUP: ./Clinic/Obesity_Prevalence_1.4B_20260215_022.md
DUP: ./Clinic/Zettel_YT_Fun_Note_Taking_20260215_030.md
DUP: ./Clinic/Ther_Isidora_Vasileiou_20260215_026.md
DUP: ./Clinic/Micronutrient_Deficiencies_20260215_003.md
DUP: ./Clinic/PCOS_Diagnostic_Criteria_20260215_017.md
DUP: ./Clinic/Personalized_Medicine_20260215_020.md
DUP: ./Clinic/Template_Zotero_Basic_Import_20260215_021.md
DUP: ./Clinic/Metabolomic_Medicine_20260215_009.md
DUP: ./Clinic/Zettel_Reaven_1998_20260215_026.md
DUP: ./Clinic/NAFLD_Stages_20260215_015.md
DUP: ./Clinic/Micronutrient_Deficiencies_MetS_20260215_014.md
DUP: ./Clinic/MetS_Prevalence_US_20260215_010.md
DUP: ./Clinic/MetS_Rise_Reasons_20260215_012.md
DUP: ./Clinic/Personalised_Vs_Population_Prognosis_20260215_005.md
DUP: ./PhD/Adipic_Patient_DEF456_20260215_068.md
DUP: ./PhD/FFA_Glucose_Correlation_20260215_071.md
DUP: ./PhD/MOC_PhD_Orphans_20260215_074.md
DUP: ./PhD/Adipic_Patient_ABC123_20260215_067.md
DUP: ./PhD/Adipic_IR_Early_Pattern_1_20260215_066.md
DUP: ./PhD/Dashboard_Core_Map_20260215_069.md
DUP: ./PhD/GC_MS_Preanalytics_Protocol_20260215_072.md
UNIQUE: ./PhD/MOC_PhD_20260215_073.md
Full grep dup check complete (Sun Feb 15 12:01:42 PM EET 2026)
Uniques: 2
Dups: 78
